mode: set
github.com/evgeniy-p/go_learn/second_lession/logic/handle_command.go:10.77,13.29 2 1
github.com/evgeniy-p/go_learn/second_lession/logic/handle_command.go:13.29,14.20 1 1
github.com/evgeniy-p/go_learn/second_lession/logic/handle_command.go:14.20,16.4 1 1
github.com/evgeniy-p/go_learn/second_lession/logic/handle_command.go:18.2,18.17 1 1
github.com/evgeniy-p/go_learn/second_lession/logic/handle_command.go:21.82,23.24 2 0
github.com/evgeniy-p/go_learn/second_lession/logic/handle_command.go:24.20,25.23 1 0
github.com/evgeniy-p/go_learn/second_lession/logic/handle_command.go:25.23,27.4 1 0
github.com/evgeniy-p/go_learn/second_lession/logic/handle_command.go:27.9,29.4 1 0
github.com/evgeniy-p/go_learn/second_lession/logic/handle_command.go:30.3,31.27 2 0
github.com/evgeniy-p/go_learn/second_lession/logic/handle_command.go:32.24,33.47 1 0
github.com/evgeniy-p/go_learn/second_lession/logic/handle_command.go:33.47,35.4 1 0
github.com/evgeniy-p/go_learn/second_lession/logic/handle_command.go:36.3,36.23 1 0
github.com/evgeniy-p/go_learn/second_lession/logic/handle_command.go:36.23,38.4 1 0
github.com/evgeniy-p/go_learn/second_lession/logic/handle_command.go:38.9,40.4 1 0
github.com/evgeniy-p/go_learn/second_lession/logic/handle_command.go:41.3,41.27 1 0
github.com/evgeniy-p/go_learn/second_lession/logic/handle_command.go:42.10,43.52 1 0
github.com/evgeniy-p/go_learn/second_lession/logic/handle_command.go:48.82,50.21 2 0
github.com/evgeniy-p/go_learn/second_lession/logic/handle_command.go:50.21,53.3 2 0
github.com/evgeniy-p/go_learn/second_lession/logic/handle_command.go:54.2,54.31 1 0
github.com/evgeniy-p/go_learn/second_lession/logic/handle_command.go:54.31,57.3 2 0
github.com/evgeniy-p/go_learn/second_lession/logic/handle_command.go:58.2,58.31 1 0
github.com/evgeniy-p/go_learn/second_lession/logic/handle_command.go:58.31,61.3 2 0
github.com/evgeniy-p/go_learn/second_lession/logic/handle_command.go:62.2,62.27 1 0
github.com/evgeniy-p/go_learn/second_lession/logic/handle_command.go:62.27,63.24 1 0
github.com/evgeniy-p/go_learn/second_lession/logic/handle_command.go:63.24,65.4 1 0
github.com/evgeniy-p/go_learn/second_lession/logic/handle_command.go:66.3,67.22 2 0
github.com/evgeniy-p/go_learn/second_lession/logic/handle_command.go:67.22,69.4 1 0
github.com/evgeniy-p/go_learn/second_lession/logic/handle_command.go:69.9,72.4 2 0
github.com/evgeniy-p/go_learn/second_lession/logic/handle_command.go:74.2,74.27 1 0
github.com/evgeniy-p/go_learn/second_lession/logic/handle_command.go:74.27,77.3 2 0
github.com/evgeniy-p/go_learn/second_lession/logic/handle_command.go:77.8,79.3 1 0
github.com/evgeniy-p/go_learn/second_lession/logic/handle_command.go:82.77,84.27 1 0
github.com/evgeniy-p/go_learn/second_lession/logic/handle_command.go:84.27,86.50 2 0
github.com/evgeniy-p/go_learn/second_lession/logic/handle_command.go:86.50,89.4 2 0
github.com/evgeniy-p/go_learn/second_lession/logic/handle_command.go:89.9,91.4 1 0
github.com/evgeniy-p/go_learn/second_lession/logic/handle_command.go:92.3,92.52 1 0
github.com/evgeniy-p/go_learn/second_lession/logic/handle_command.go:93.8,94.85 1 0
github.com/evgeniy-p/go_learn/second_lession/logic/handle_command.go:94.85,97.4 2 0
github.com/evgeniy-p/go_learn/second_lession/logic/handle_command.go:97.9,98.54 1 0
github.com/evgeniy-p/go_learn/second_lession/logic/handle_command.go:98.54,100.5 1 0
github.com/evgeniy-p/go_learn/second_lession/logic/handle_command.go:100.10,103.5 2 0
github.com/evgeniy-p/go_learn/second_lession/logic/handle_command.go:109.44,110.22 1 0
github.com/evgeniy-p/go_learn/second_lession/logic/handle_command.go:110.22,113.3 2 0
github.com/evgeniy-p/go_learn/second_lession/logic/handle_command.go:113.8,115.3 1 0
github.com/evgeniy-p/go_learn/second_lession/logic/handle_command.go:119.83,120.22 1 0
github.com/evgeniy-p/go_learn/second_lession/logic/handle_command.go:120.22,122.3 1 0
github.com/evgeniy-p/go_learn/second_lession/logic/handle_command.go:123.2,124.19 2 0
github.com/evgeniy-p/go_learn/second_lession/logic/handle_command.go:124.19,126.3 1 0
github.com/evgeniy-p/go_learn/second_lession/logic/handle_command.go:127.2,131.24 5 0
github.com/evgeniy-p/go_learn/second_lession/logic/handle_command.go:135.102,142.36 7 0
github.com/evgeniy-p/go_learn/second_lession/logic/handle_command.go:142.36,143.17 1 0
github.com/evgeniy-p/go_learn/second_lession/logic/handle_command.go:143.17,145.23 2 0
github.com/evgeniy-p/go_learn/second_lession/logic/handle_command.go:145.23,148.5 2 0
github.com/evgeniy-p/go_learn/second_lession/logic/handle_command.go:149.4,149.17 1 0
github.com/evgeniy-p/go_learn/second_lession/logic/handle_command.go:150.34,151.25 1 0
github.com/evgeniy-p/go_learn/second_lession/logic/handle_command.go:151.25,154.11 2 0
github.com/evgeniy-p/go_learn/second_lession/logic/handle_command.go:155.11,157.6 1 0
github.com/evgeniy-p/go_learn/second_lession/logic/handle_command.go:158.42,159.25 1 0
github.com/evgeniy-p/go_learn/second_lession/logic/handle_command.go:159.25,161.6 1 0
github.com/evgeniy-p/go_learn/second_lession/logic/handle_command.go:163.4,163.29 1 0
github.com/evgeniy-p/go_learn/second_lession/logic/handle_command.go:164.9,165.29 1 0
github.com/evgeniy-p/go_learn/second_lession/logic/handle_command.go:166.22,167.41 1 0
github.com/evgeniy-p/go_learn/second_lession/logic/handle_command.go:168.24,169.25 1 0
github.com/evgeniy-p/go_learn/second_lession/logic/handle_command.go:170.20,171.40 1 0
github.com/evgeniy-p/go_learn/second_lession/logic/handle_command.go:172.30,173.23 1 0
github.com/evgeniy-p/go_learn/second_lession/logic/handle_command.go:173.23,175.6 1 0
github.com/evgeniy-p/go_learn/second_lession/logic/handle_command.go:175.11,178.6 2 0
github.com/evgeniy-p/go_learn/second_lession/logic/handle_command.go:183.2,183.26 1 0
github.com/evgeniy-p/go_learn/second_lession/logic/start_new.go:16.48,17.17 1 1
github.com/evgeniy-p/go_learn/second_lession/logic/start_new.go:17.17,19.3 1 1
github.com/evgeniy-p/go_learn/second_lession/logic/start_new.go:20.2,27.16 2 1
github.com/evgeniy-p/go_learn/second_lession/logic/start_new.go:35.79,38.16 3 1
github.com/evgeniy-p/go_learn/second_lession/logic/start_new.go:38.16,40.3 1 1
github.com/evgeniy-p/go_learn/second_lession/logic/start_new.go:41.2,41.96 1 1
github.com/evgeniy-p/go_learn/second_lession/logic/start_new.go:41.96,43.15 2 1
github.com/evgeniy-p/go_learn/second_lession/logic/start_new.go:44.21,45.98 1 1
github.com/evgeniy-p/go_learn/second_lession/logic/start_new.go:46.25,47.95 1 1
github.com/evgeniy-p/go_learn/second_lession/logic/start_new.go:48.25,49.124 1 1
github.com/evgeniy-p/go_learn/second_lession/logic/start_new.go:50.21,51.102 1 1
github.com/evgeniy-p/go_learn/second_lession/logic/start_new.go:54.2,54.22 1 1
